<?xml version="1.0" encoding="UTF-8"?>
<!-- Generated by org.testng.reporters.JUnitXMLReporter -->
<testsuite ignored="0" hostname="LAPTOP-K8P78P73" failures="0" tests="1" name="Test" time="6.846" errors="0" timestamp="2023-09-29T11:32:50 IST">
  <testcase classname="_3LenseCart.Test_1" name="@BeforeClass creatingPOMObject" time="0.007">
    <failure type="java.lang.IllegalArgumentException" message="Driver must be set">
      <![CDATA[java.lang.IllegalArgumentException: Driver must be set
at org.openqa.selenium.internal.Require.nonNull(Require.java:60)
at org.openqa.selenium.interactions.Actions.<init>(Actions.java:59)
at Pages.HeaderPage.<init>(HeaderPage.java:37)
at _3LenseCart.Test_1.creatingPOMObject(Test_1.java:70)
at java.base/java.util.ArrayList.forEach(ArrayList.java:1511)
at java.base/java.util.concurrent.FutureTask.run(FutureTask.java:317)
at java.base/java.util.concurrent.ThreadPoolExecutor.runWorker(ThreadPoolExecutor.java:1144)
at java.base/java.util.concurrent.ThreadPoolExecutor$Worker.run(ThreadPoolExecutor.java:642)
at java.base/java.lang.Thread.run(Thread.java:1623)
... Removed 13 stack frames]]>
    </failure>
  </testcase> <!-- @BeforeClass creatingPOMObject -->
  <testcase classname="_3LenseCart.Test_1" name="@BeforeMethod launchBrowser" time="0.0">
    <skipped/>
  </testcase> <!-- @BeforeMethod launchBrowser -->
  <testcase classname="_3LenseCart.Test_1" name="@AfterMethod testTestment" time="0.0">
    <skipped/>
  </testcase> <!-- @AfterMethod testTestment -->
  <testcase classname="_3LenseCart.Test_1" name="@AfterClass clearingObject" time="0.0">
    <skipped/>
  </testcase> <!-- @AfterClass clearingObject -->
  <testcase classname="_3LenseCart.Test_1" name="@AfterTest closeBrowser" time="0.0">
    <skipped/>
  </testcase> <!-- @AfterTest closeBrowser -->
  <testcase classname="_3LenseCart.Test_1" name="selectTargetProduct" time="0.0">
    <skipped/>
  </testcase> <!-- selectTargetProduct -->
</testsuite> <!-- Test -->
